<?xml version="1.0" encoding="UTF-8"?>
<testsuite name="All" failures="0" tests="35" time="0.03" errors="0">
  <properties/>
  <testcase name="constructorWithNoBalance" time="0.0020" classname="example.testng.BankAccountTest"/>
  <testcase name="constructorWithBlankName" time="0.0" classname="example.testng.BankAccountTest"/>
  <testcase name="constructorWithPositiveBalance" time="0.0" classname="example.testng.BankAccountTest"/>
  <testcase name="constructorWithNullName" time="0.0" classname="example.testng.BankAccountTest"/>
  <testcase name="constructorWithZeroBalance" time="0.0" classname="example.testng.BankAccountTest"/>
  <testcase name="constructorWithNegativeBalance" time="0.0010" classname="example.testng.BankAccountTest"/>
  <testcase name="withdrawLessThanAvailable" time="0.0" classname="example.testng.BankAccountTest"/>
  <testcase name="depositNegative" time="0.0" classname="example.testng.BankAccountTest"/>
  <testcase name="depositZero" time="0.0" classname="example.testng.BankAccountTest"/>
  <testcase name="withdrawExact" time="0.0" classname="example.testng.BankAccountTest"/>
  <testcase name="depositPositive" time="0.0010" classname="example.testng.BankAccountTest"/>
  <testcase name="withdrawZero" time="0.0" classname="example.testng.BankAccountTest"/>
  <testcase name="withdrawMoreThanAvailable" time="0.0010" classname="example.testng.BankAccountTest"/>
  <testcase name="withdrawNegative" time="0.0" classname="example.testng.BankAccountTest"/>
  <testcase name="transferZero" time="0.0" classname="example.testng.BankAccountTest"/>
  <testcase name="transferLessThanAvailable" time="0.0" classname="example.testng.BankAccountTest"/>
  <testcase name="transferMoreThanAvailable" time="0.0" classname="example.testng.BankAccountTest"/>
  <testcase name="transferExact" time="0.0" classname="example.testng.BankAccountTest"/>
  <testcase name="transferNull" time="0.0" classname="example.testng.BankAccountTest"/>
  <testcase name="transferNegative" time="0.0" classname="example.testng.BankAccountTest"/>
  <testcase name="compareToSame" time="0.0" classname="example.testng.BankAccountTest"/>
  <testcase name="equalsReflexive" time="0.0" classname="example.testng.BankAccountTest"/>
  <testcase name="equalsWithDifferentBalances" time="0.0" classname="example.testng.BankAccountTest"/>
  <testcase name="hashCodeWithDifferentNames" time="0.0" classname="example.testng.BankAccountTest"/>
  <testcase name="compareToSmallerName" time="0.0" classname="example.testng.BankAccountTest"/>
  <testcase name="compareToGreaterName" time="0.0" classname="example.testng.BankAccountTest"/>
  <testcase name="compareToGreaterBalance" time="0.0" classname="example.testng.BankAccountTest"/>
  <testcase name="hashCodeWithDifferentBalances" time="0.0" classname="example.testng.BankAccountTest"/>
  <testcase name="compareToSmallerBalance" time="0.0" classname="example.testng.BankAccountTest"/>
  <testcase name="hashCodeWithDifferentNamesAndBalances" time="0.0" classname="example.testng.BankAccountTest"/>
  <testcase name="hashCodeSame" time="0.0" classname="example.testng.BankAccountTest"/>
  <testcase name="equalsWithDifferentNamesAndBalances" time="0.0" classname="example.testng.BankAccountTest"/>
  <testcase name="equalsWithDifferentNames" time="0.0" classname="example.testng.BankAccountTest"/>
  <testcase name="equalsSymmeticAndConsistent" time="0.0" classname="example.testng.BankAccountTest"/>
  <testcase name="equalsWithNull" time="0.0" classname="example.testng.BankAccountTest"/>
</testsuite>
